<?xml version="1.0" encoding="UTF-8"?>
<!-- Generated by org.testng.reporters.JUnitReportReporter -->
<testsuite hostname="sangs-MacBook-Pro.local" failures="0" tests="1" name="postRequest" time="2.232" errors="0" timestamp="2021-01-25T09:08:28 ICT" skipped="0">
  <testcase classname="postRequest" name="login_livin" time="2.232"/>
  <system-out/>
</testsuite> <!-- postRequest -->
