<?xml version="1.0" encoding="UTF-8"?>
<!-- Generated by org.testng.reporters.JUnitReportReporter -->
<testsuite hostname="sangs-MacBook-Pro.local" failures="0" tests="5" name="testOOPs.HackerRank" time="0.006" errors="0" timestamp="2021-02-01T14:28:00 ICT" skipped="4">
  <testcase classname="testOOPs.HackerRank" name="permutation" time="0.006"/>
  <system-out/>
  <testcase classname="testOOPs.HackerRank" name="getOddDays">
    <skipped/>
  </testcase> <!-- getOddDays -->
  <system-out/>
  <testcase classname="testOOPs.HackerRank" name="findGivenSum">
    <skipped/>
  </testcase> <!-- findGivenSum -->
  <system-out/>
  <testcase classname="testOOPs.HackerRank" name="minMax">
    <skipped/>
  </testcase> <!-- minMax -->
  <system-out/>
  <testcase classname="testOOPs.HackerRank" name="fibonacciWithRecursion">
    <skipped/>
  </testcase> <!-- fibonacciWithRecursion -->
  <system-out/>
</testsuite> <!-- testOOPs.HackerRank -->
