<?xml version="1.0" encoding="UTF-8"?>
<!-- Generated by org.testng.reporters.JUnitReportReporter -->
<testsuite hostname="sangs-MacBook-Pro.local" failures="0" tests="9" name="testOOPs.HackerRank" time="0.013" errors="0" timestamp="2021-01-28T13:48:14 ICT" skipped="4">
  <testcase classname="testOOPs.HackerRank" name="fibonacciWithDynamic" time="0.002"/>
  <system-out/>
  <testcase classname="testOOPs.HackerRank" name="division" time="0.003"/>
  <system-out/>
  <testcase classname="testOOPs.HackerRank" name="innerClass" time="0.001"/>
  <system-out/>
  <testcase classname="testOOPs.HackerRank" name="recursionWithFactorial" time="0.001"/>
  <system-out/>
  <testcase classname="testOOPs.HackerRank" name="callByValue" time="0.006"/>
  <system-out/>
  <testcase classname="testOOPs.HackerRank" name="getOddDays">
    <skipped/>
  </testcase> <!-- getOddDays -->
  <system-out/>
  <testcase classname="testOOPs.HackerRank" name="findGivenSum">
    <skipped/>
  </testcase> <!-- findGivenSum -->
  <system-out/>
  <testcase classname="testOOPs.HackerRank" name="minMax">
    <skipped/>
  </testcase> <!-- minMax -->
  <system-out/>
  <testcase classname="testOOPs.HackerRank" name="fibonacciWithRecursion">
    <skipped/>
  </testcase> <!-- fibonacciWithRecursion -->
  <system-out/>
</testsuite> <!-- testOOPs.HackerRank -->
