<?xml version="1.0" encoding="UTF-8"?>
<!-- Generated by org.testng.reporters.JUnitReportReporter -->
<testsuite hostname="sangs-MacBook-Pro.local" failures="0" tests="8" name="testOOPs.testOOPs" time="0.006" errors="0" timestamp="2021-01-13T11:38:15 ICT" skipped="7">
  <testcase classname="testOOPs.testOOPs" name="bubbleSort" time="0.006"/>
  <system-out/>
  <testcase classname="testOOPs.testOOPs" name="binarySearch">
    <skipped/>
  </testcase> <!-- binarySearch -->
  <system-out/>
  <testcase classname="testOOPs.testOOPs" name="testQuickSort">
    <skipped/>
  </testcase> <!-- testQuickSort -->
  <system-out/>
  <testcase classname="testOOPs.testOOPs" name="testLinearSearch">
    <skipped/>
  </testcase> <!-- testLinearSearch -->
  <system-out/>
  <testcase classname="testOOPs.testOOPs" name="testMergeSort">
    <skipped/>
  </testcase> <!-- testMergeSort -->
  <system-out/>
  <testcase classname="testOOPs.testOOPs" name="testLargestArr">
    <skipped/>
  </testcase> <!-- testLargestArr -->
  <system-out/>
  <testcase classname="testOOPs.testOOPs" name="concatString">
    <skipped/>
  </testcase> <!-- concatString -->
  <system-out/>
  <testcase classname="testOOPs.testOOPs" name="testString">
    <skipped/>
  </testcase> <!-- testString -->
  <system-out/>
</testsuite> <!-- testOOPs.testOOPs -->
