<?xml version="1.0" encoding="UTF-8"?>
<!-- Generated by org.testng.reporters.JUnitReportReporter -->
<testsuite hostname="sangs-MacBook-Pro.local" failures="0" tests="5" name="testOOPs.HackerRank" time="0.004" errors="0" timestamp="2021-01-26T14:47:06 ICT" skipped="4">
  <testcase classname="testOOPs.HackerRank" name="getOddDays" time="0.004"/>
  <system-out/>
  <testcase classname="testOOPs.HackerRank" name="findGivenSum">
    <skipped/>
  </testcase> <!-- findGivenSum -->
  <system-out/>
  <testcase classname="testOOPs.HackerRank" name="minMax">
    <skipped/>
  </testcase> <!-- minMax -->
  <system-out/>
  <testcase classname="testOOPs.HackerRank" name="fibonacciWithRecursion">
    <skipped/>
  </testcase> <!-- fibonacciWithRecursion -->
  <system-out/>
  <testcase classname="testOOPs.HackerRank" name="fibonacciWithDynamic">
    <skipped/>
  </testcase> <!-- fibonacciWithDynamic -->
  <system-out/>
</testsuite> <!-- testOOPs.HackerRank -->
