<?xml version="1.0" encoding="UTF-8"?>
<!-- Generated by org.testng.reporters.JUnitReportReporter -->
<testsuite hostname="sangs-MacBook-Pro.local" failures="0" tests="3" name="testPages.testLogin" time="0.996" errors="0" timestamp="2020-12-22T11:50:14 ICT" skipped="0">
  <testcase classname="testPages.testLogin" name="getTitle" time="0.396"/>
  <system-out/>
  <testcase classname="testPages.testLogin" name="loginProperty" time="0.262"/>
  <system-out/>
  <testcase classname="testPages.testLogin" name="getHomeTitle" time="0.338"/>
  <system-out/>
</testsuite> <!-- testPages.testLogin -->
