<?xml version="1.0" encoding="UTF-8"?>
<!-- Generated by org.testng.reporters.JUnitReportReporter -->
<testsuite hostname="sangs-MacBook-Pro.local" failures="0" tests="1" name="testOOPs.TestInnerClass" time="0.000" errors="0" timestamp="2021-01-15T15:07:04 ICT" skipped="0">
  <testcase classname="testOOPs.TestInnerClass" name="appendString" time="0.000"/>
  <system-out/>
</testsuite> <!-- testOOPs.TestInnerClass -->
