<?xml version="1.0" encoding="UTF-8"?>
<!-- Generated by org.testng.reporters.JUnitReportReporter -->
<testsuite hostname="sangs-MacBook-Pro.local" failures="0" tests="2" name="testOOPs.HashSet" time="0.007" errors="0" timestamp="2021-01-22T10:18:15 ICT" skipped="0">
  <testcase classname="testOOPs.HashSet" name="getBookArray" time="0.006"/>
  <system-out/>
  <testcase classname="testOOPs.HashSet" name="getHashset" time="0.001"/>
  <system-out/>
</testsuite> <!-- testOOPs.HashSet -->
