<?xml version="1.0" encoding="UTF-8"?>
<!-- Generated by org.testng.reporters.JUnitReportReporter -->
<testsuite hostname="sangs-MBP" failures="0" tests="5" name="OOPs.TestVehicle" time="0.039" errors="0" timestamp="2020-12-28T17:03:06 ICT" skipped="0">
  <testcase classname="OOPs.TestVehicle" name="getConstructor" time="0.004"/>
  <system-out/>
  <testcase classname="OOPs.TestVehicle" name="getStaticMethod" time="0.000"/>
  <system-out/>
  <testcase classname="OOPs.TestVehicle" name="testNonStatic" time="0.001"/>
  <system-out/>
  <testcase classname="OOPs.TestVehicle" name="oop" time="0.032"/>
  <system-out/>
  <testcase classname="OOPs.TestVehicle" name="staticVariable" time="0.002"/>
  <system-out/>
</testsuite> <!-- OOPs.TestVehicle -->
