<?xml version="1.0" encoding="UTF-8"?>
<!-- Generated by org.testng.reporters.JUnitReportReporter -->
<testsuite hostname="sangs-MacBook-Pro.local" failures="0" tests="14" name="testOOPs.testOOPs" time="0.007" errors="0" timestamp="2021-01-21T09:37:43 ICT" skipped="13">
  <testcase classname="testOOPs.testOOPs" name="mergeArrays" time="0.007"/>
  <system-out/>
  <testcase classname="testOOPs.testOOPs" name="bubbleSort">
    <skipped/>
  </testcase> <!-- bubbleSort -->
  <system-out/>
  <testcase classname="testOOPs.testOOPs" name="testLargestArr">
    <skipped/>
  </testcase> <!-- testLargestArr -->
  <system-out/>
  <testcase classname="testOOPs.testOOPs" name="testString">
    <skipped/>
  </testcase> <!-- testString -->
  <system-out/>
  <testcase classname="testOOPs.testOOPs" name="binarySearch">
    <skipped/>
  </testcase> <!-- binarySearch -->
  <system-out/>
  <testcase classname="testOOPs.testOOPs" name="testQuickSort">
    <skipped/>
  </testcase> <!-- testQuickSort -->
  <system-out/>
  <testcase classname="testOOPs.testOOPs" name="testLinearSearch">
    <skipped/>
  </testcase> <!-- testLinearSearch -->
  <system-out/>
  <testcase classname="testOOPs.testOOPs" name="testMergeSort">
    <skipped/>
  </testcase> <!-- testMergeSort -->
  <system-out/>
  <testcase classname="testOOPs.testOOPs" name="testOddEven">
    <skipped/>
  </testcase> <!-- testOddEven -->
  <system-out/>
  <testcase classname="testOOPs.testOOPs" name="appendString">
    <skipped/>
  </testcase> <!-- appendString -->
  <system-out/>
  <testcase classname="testOOPs.testOOPs" name="concatString">
    <skipped/>
  </testcase> <!-- concatString -->
  <system-out/>
  <testcase classname="testOOPs.testOOPs" name="testScanner">
    <skipped/>
  </testcase> <!-- testScanner -->
  <system-out/>
  <testcase classname="testOOPs.testOOPs" name="testAbstract">
    <skipped/>
  </testcase> <!-- testAbstract -->
  <system-out/>
  <testcase classname="testOOPs.testOOPs" name="findPeekElement">
    <skipped/>
  </testcase> <!-- findPeekElement -->
  <system-out/>
</testsuite> <!-- testOOPs.testOOPs -->
