<?xml version="1.0" encoding="UTF-8"?>
<!-- Generated by org.testng.reporters.JUnitReportReporter -->
<testsuite hostname="sangs-MBP" failures="0" tests="1" name="testOOPs.stringSplit" time="0.006" errors="0" timestamp="2021-01-08T09:28:58 ICT" skipped="0">
  <testcase classname="testOOPs.stringSplit" name="testString" time="0.006"/>
  <system-out/>
</testsuite> <!-- testOOPs.stringSplit -->
