<?xml version="1.0" encoding="UTF-8"?>
<!-- Generated by org.testng.reporters.JUnitReportReporter -->
<testsuite hostname="sangs-MacBook-Pro.local" failures="0" tests="2" name="testOOPs.HackerRank" time="0.008" errors="0" timestamp="2021-01-20T10:03:50 ICT" skipped="0">
  <testcase classname="testOOPs.HackerRank" name="minMax" time="0.001"/>
  <system-out/>
  <testcase classname="testOOPs.HackerRank" name="findGivenSum" time="0.007"/>
  <system-out/>
</testsuite> <!-- testOOPs.HackerRank -->
