<?xml version="1.0" encoding="UTF-8"?>
<!-- Generated by org.testng.reporters.JUnitReportReporter -->
<testsuite hostname="sangs-MacBook-Pro.local" failures="0" tests="13" name="testOOPs.TestOOPs" time="0.008" errors="0" timestamp="2021-02-02T08:57:22 ICT" skipped="12">
  <testcase classname="testOOPs.TestOOPs" name="staticVariable" time="0.008"/>
  <system-out/>
  <testcase classname="testOOPs.TestOOPs" name="testString">
    <skipped/>
  </testcase> <!-- testString -->
  <system-out/>
  <testcase classname="testOOPs.TestOOPs" name="mergeArrays">
    <skipped/>
  </testcase> <!-- mergeArrays -->
  <system-out/>
  <testcase classname="testOOPs.TestOOPs" name="findPeekElement">
    <skipped/>
  </testcase> <!-- findPeekElement -->
  <system-out/>
  <testcase classname="testOOPs.TestOOPs" name="testAbstract">
    <skipped/>
  </testcase> <!-- testAbstract -->
  <system-out/>
  <testcase classname="testOOPs.TestOOPs" name="testScanner">
    <skipped/>
  </testcase> <!-- testScanner -->
  <system-out/>
  <testcase classname="testOOPs.TestOOPs" name="concatString">
    <skipped/>
  </testcase> <!-- concatString -->
  <system-out/>
  <testcase classname="testOOPs.TestOOPs" name="testLargestArr">
    <skipped/>
  </testcase> <!-- testLargestArr -->
  <system-out/>
  <testcase classname="testOOPs.TestOOPs" name="appendString">
    <skipped/>
  </testcase> <!-- appendString -->
  <system-out/>
  <testcase classname="testOOPs.TestOOPs" name="testMergeSort">
    <skipped/>
  </testcase> <!-- testMergeSort -->
  <system-out/>
  <testcase classname="testOOPs.TestOOPs" name="testOddEven">
    <skipped/>
  </testcase> <!-- testOddEven -->
  <system-out/>
  <testcase classname="testOOPs.TestOOPs" name="binarySearch">
    <skipped/>
  </testcase> <!-- binarySearch -->
  <system-out/>
  <testcase classname="testOOPs.TestOOPs" name="testQuickSort">
    <skipped/>
  </testcase> <!-- testQuickSort -->
  <system-out/>
</testsuite> <!-- testOOPs.TestOOPs -->
